mode: set
github.com/juliaogris/monkey/lexer/lexer.go:12.31,16.2 3 1
github.com/juliaogris/monkey/lexer/lexer.go:18.41,23.14 3 1
github.com/juliaogris/monkey/lexer/lexer.go:92.2,93.12 2 1
github.com/juliaogris/monkey/lexer/lexer.go:24.11,25.26 1 1
github.com/juliaogris/monkey/lexer/lexer.go:33.11,34.35 1 1
github.com/juliaogris/monkey/lexer/lexer.go:35.11,36.36 1 1
github.com/juliaogris/monkey/lexer/lexer.go:37.11,38.26 1 1
github.com/juliaogris/monkey/lexer/lexer.go:46.11,47.36 1 1
github.com/juliaogris/monkey/lexer/lexer.go:48.11,49.39 1 1
github.com/juliaogris/monkey/lexer/lexer.go:50.11,51.33 1 1
github.com/juliaogris/monkey/lexer/lexer.go:52.11,53.33 1 1
github.com/juliaogris/monkey/lexer/lexer.go:54.11,55.40 1 1
github.com/juliaogris/monkey/lexer/lexer.go:56.11,57.36 1 1
github.com/juliaogris/monkey/lexer/lexer.go:58.11,59.36 1 1
github.com/juliaogris/monkey/lexer/lexer.go:60.11,61.37 1 1
github.com/juliaogris/monkey/lexer/lexer.go:62.11,63.37 1 1
github.com/juliaogris/monkey/lexer/lexer.go:64.11,65.37 1 1
github.com/juliaogris/monkey/lexer/lexer.go:66.11,67.37 1 1
github.com/juliaogris/monkey/lexer/lexer.go:68.11,70.31 2 1
github.com/juliaogris/monkey/lexer/lexer.go:71.11,72.39 1 1
github.com/juliaogris/monkey/lexer/lexer.go:73.11,74.39 1 1
github.com/juliaogris/monkey/lexer/lexer.go:75.9,77.23 2 1
github.com/juliaogris/monkey/lexer/lexer.go:78.10,79.21 1 1
github.com/juliaogris/monkey/lexer/lexer.go:25.26,30.4 4 1
github.com/juliaogris/monkey/lexer/lexer.go:30.9,32.4 1 1
github.com/juliaogris/monkey/lexer/lexer.go:38.26,43.4 4 1
github.com/juliaogris/monkey/lexer/lexer.go:43.9,45.4 1 1
github.com/juliaogris/monkey/lexer/lexer.go:79.21,83.4 3 1
github.com/juliaogris/monkey/lexer/lexer.go:83.9,83.27 1 1
github.com/juliaogris/monkey/lexer/lexer.go:83.27,87.4 3 1
github.com/juliaogris/monkey/lexer/lexer.go:87.9,89.4 1 0
github.com/juliaogris/monkey/lexer/lexer.go:96.34,97.66 1 1
github.com/juliaogris/monkey/lexer/lexer.go:97.66,99.3 1 1
github.com/juliaogris/monkey/lexer/lexer.go:102.28,103.36 1 1
github.com/juliaogris/monkey/lexer/lexer.go:108.2,109.21 2 1
github.com/juliaogris/monkey/lexer/lexer.go:103.36,105.3 1 1
github.com/juliaogris/monkey/lexer/lexer.go:105.8,107.3 1 1
github.com/juliaogris/monkey/lexer/lexer.go:112.33,113.36 1 1
github.com/juliaogris/monkey/lexer/lexer.go:113.36,115.3 1 0
github.com/juliaogris/monkey/lexer/lexer.go:115.8,117.3 1 1
github.com/juliaogris/monkey/lexer/lexer.go:120.41,122.21 2 1
github.com/juliaogris/monkey/lexer/lexer.go:125.2,125.37 1 1
github.com/juliaogris/monkey/lexer/lexer.go:122.21,124.3 1 1
github.com/juliaogris/monkey/lexer/lexer.go:128.37,130.20 2 1
github.com/juliaogris/monkey/lexer/lexer.go:133.2,133.37 1 1
github.com/juliaogris/monkey/lexer/lexer.go:130.20,132.3 1 1
github.com/juliaogris/monkey/lexer/lexer.go:136.37,138.6 2 1
github.com/juliaogris/monkey/lexer/lexer.go:144.2,144.37 1 1
github.com/juliaogris/monkey/lexer/lexer.go:138.6,140.31 2 1
github.com/juliaogris/monkey/lexer/lexer.go:140.31,141.9 1 1
github.com/juliaogris/monkey/lexer/lexer.go:147.29,149.2 1 1
github.com/juliaogris/monkey/lexer/lexer.go:151.28,153.2 1 1
github.com/juliaogris/monkey/lexer/lexer.go:155.63,157.2 1 1
github.com/juliaogris/monkey/ast/ast.go:32.41,33.27 1 0
github.com/juliaogris/monkey/ast/ast.go:33.27,35.3 1 0
github.com/juliaogris/monkey/ast/ast.go:35.8,37.3 1 0
github.com/juliaogris/monkey/ast/ast.go:40.35,43.33 2 1
github.com/juliaogris/monkey/ast/ast.go:47.2,47.21 1 1
github.com/juliaogris/monkey/ast/ast.go:43.33,45.3 1 1
github.com/juliaogris/monkey/ast/ast.go:57.48,57.49 0 0
github.com/juliaogris/monkey/ast/ast.go:58.47,58.74 1 1
github.com/juliaogris/monkey/ast/ast.go:59.41,66.21 5 1
github.com/juliaogris/monkey/ast/ast.go:70.2,72.21 2 1
github.com/juliaogris/monkey/ast/ast.go:66.21,68.3 1 1
github.com/juliaogris/monkey/ast/ast.go:80.51,80.52 0 0
github.com/juliaogris/monkey/ast/ast.go:81.50,81.77 1 0
github.com/juliaogris/monkey/ast/ast.go:82.44,87.27 3 0
github.com/juliaogris/monkey/ast/ast.go:91.2,93.21 2 0
github.com/juliaogris/monkey/ast/ast.go:87.27,89.3 1 0
github.com/juliaogris/monkey/ast/ast.go:101.55,101.56 0 0
github.com/juliaogris/monkey/ast/ast.go:102.54,102.81 1 0
github.com/juliaogris/monkey/ast/ast.go:103.48,104.26 1 0
github.com/juliaogris/monkey/ast/ast.go:107.2,107.11 1 0
github.com/juliaogris/monkey/ast/ast.go:104.26,106.3 1 0
github.com/juliaogris/monkey/ast/ast.go:115.50,115.51 0 0
github.com/juliaogris/monkey/ast/ast.go:116.49,116.76 1 0
github.com/juliaogris/monkey/ast/ast.go:117.43,120.34 2 0
github.com/juliaogris/monkey/ast/ast.go:124.2,124.21 1 0
github.com/juliaogris/monkey/ast/ast.go:120.34,122.3 1 0
github.com/juliaogris/monkey/ast/ast.go:133.45,133.46 0 0
github.com/juliaogris/monkey/ast/ast.go:134.44,134.70 1 0
github.com/juliaogris/monkey/ast/ast.go:135.44,135.62 1 1
github.com/juliaogris/monkey/ast/ast.go:142.42,142.43 0 0
github.com/juliaogris/monkey/ast/ast.go:143.41,143.67 1 0
github.com/juliaogris/monkey/ast/ast.go:144.41,144.67 1 0
github.com/juliaogris/monkey/ast/ast.go:151.50,151.51 0 0
github.com/juliaogris/monkey/ast/ast.go:152.49,152.76 1 0
github.com/juliaogris/monkey/ast/ast.go:153.49,153.76 1 0
github.com/juliaogris/monkey/ast/ast.go:161.52,161.53 0 0
github.com/juliaogris/monkey/ast/ast.go:162.51,162.78 1 0
github.com/juliaogris/monkey/ast/ast.go:163.45,172.2 6 0
github.com/juliaogris/monkey/ast/ast.go:181.51,181.52 0 0
github.com/juliaogris/monkey/ast/ast.go:182.50,182.77 1 0
github.com/juliaogris/monkey/ast/ast.go:183.44,193.2 7 0
github.com/juliaogris/monkey/ast/ast.go:202.48,202.49 0 0
github.com/juliaogris/monkey/ast/ast.go:203.47,203.74 1 0
github.com/juliaogris/monkey/ast/ast.go:204.41,212.27 6 0
github.com/juliaogris/monkey/ast/ast.go:217.2,217.21 1 0
github.com/juliaogris/monkey/ast/ast.go:212.27,215.3 2 0
github.com/juliaogris/monkey/ast/ast.go:226.51,226.52 0 0
github.com/juliaogris/monkey/ast/ast.go:227.50,227.77 1 0
github.com/juliaogris/monkey/ast/ast.go:228.44,232.34 3 0
github.com/juliaogris/monkey/ast/ast.go:236.2,242.21 6 0
github.com/juliaogris/monkey/ast/ast.go:232.34,234.3 1 0
github.com/juliaogris/monkey/ast/ast.go:251.50,251.51 0 0
github.com/juliaogris/monkey/ast/ast.go:252.49,252.76 1 0
github.com/juliaogris/monkey/ast/ast.go:253.43,257.33 3 0
github.com/juliaogris/monkey/ast/ast.go:261.2,266.21 5 0
github.com/juliaogris/monkey/ast/ast.go:257.33,259.3 1 0
github.com/juliaogris/monkey/ast/ast.go:274.49,274.50 0 0
github.com/juliaogris/monkey/ast/ast.go:275.48,275.75 1 0
github.com/juliaogris/monkey/ast/ast.go:276.48,276.75 1 0
github.com/juliaogris/monkey/ast/ast.go:283.48,283.49 0 0
github.com/juliaogris/monkey/ast/ast.go:284.47,284.74 1 0
github.com/juliaogris/monkey/ast/ast.go:285.41,289.33 3 0
github.com/juliaogris/monkey/ast/ast.go:293.2,297.21 4 0
github.com/juliaogris/monkey/ast/ast.go:289.33,291.3 1 0
github.com/juliaogris/monkey/ast/ast.go:306.51,306.52 0 0
github.com/juliaogris/monkey/ast/ast.go:307.50,307.77 1 0
github.com/juliaogris/monkey/ast/ast.go:308.44,318.2 7 0
github.com/juliaogris/monkey/ast/ast.go:325.47,325.48 0 0
github.com/juliaogris/monkey/ast/ast.go:326.46,326.73 1 0
github.com/juliaogris/monkey/ast/ast.go:327.40,331.35 3 0
github.com/juliaogris/monkey/ast/ast.go:335.2,339.21 4 0
github.com/juliaogris/monkey/ast/ast.go:331.35,333.3 1 0
github.com/juliaogris/monkey/evaluator/builtins.go:10.71,11.21 1 1
github.com/juliaogris/monkey/evaluator/builtins.go:16.3,16.32 1 1
github.com/juliaogris/monkey/evaluator/builtins.go:11.21,14.4 1 1
github.com/juliaogris/monkey/evaluator/builtins.go:17.22,18.59 1 1
github.com/juliaogris/monkey/evaluator/builtins.go:19.23,20.56 1 1
github.com/juliaogris/monkey/evaluator/builtins.go:21.11,23.20 1 1
github.com/juliaogris/monkey/evaluator/builtins.go:28.49,29.29 1 1
github.com/juliaogris/monkey/evaluator/builtins.go:33.4,33.15 1 1
github.com/juliaogris/monkey/evaluator/builtins.go:29.29,31.5 1 1
github.com/juliaogris/monkey/evaluator/builtins.go:37.49,38.22 1 1
github.com/juliaogris/monkey/evaluator/builtins.go:42.4,42.42 1 1
github.com/juliaogris/monkey/evaluator/builtins.go:47.4,48.29 2 1
github.com/juliaogris/monkey/evaluator/builtins.go:52.4,52.15 1 1
github.com/juliaogris/monkey/evaluator/builtins.go:38.22,41.5 1 0
github.com/juliaogris/monkey/evaluator/builtins.go:42.42,45.5 1 1
github.com/juliaogris/monkey/evaluator/builtins.go:48.29,50.5 1 1
github.com/juliaogris/monkey/evaluator/builtins.go:56.49,57.22 1 1
github.com/juliaogris/monkey/evaluator/builtins.go:61.4,61.42 1 1
github.com/juliaogris/monkey/evaluator/builtins.go:66.4,68.18 3 1
github.com/juliaogris/monkey/evaluator/builtins.go:72.4,72.15 1 1
github.com/juliaogris/monkey/evaluator/builtins.go:57.22,60.5 1 0
github.com/juliaogris/monkey/evaluator/builtins.go:61.42,64.5 1 1
github.com/juliaogris/monkey/evaluator/builtins.go:68.18,70.5 1 1
github.com/juliaogris/monkey/evaluator/builtins.go:76.49,77.22 1 1
github.com/juliaogris/monkey/evaluator/builtins.go:81.4,81.42 1 1
github.com/juliaogris/monkey/evaluator/builtins.go:86.4,88.18 3 1
github.com/juliaogris/monkey/evaluator/builtins.go:94.4,94.15 1 1
github.com/juliaogris/monkey/evaluator/builtins.go:77.22,80.5 1 0
github.com/juliaogris/monkey/evaluator/builtins.go:81.42,84.5 1 0
github.com/juliaogris/monkey/evaluator/builtins.go:88.18,92.5 3 1
github.com/juliaogris/monkey/evaluator/builtins.go:98.49,99.22 1 1
github.com/juliaogris/monkey/evaluator/builtins.go:103.4,103.42 1 1
github.com/juliaogris/monkey/evaluator/builtins.go:108.4,115.47 6 1
github.com/juliaogris/monkey/evaluator/builtins.go:99.22,102.5 1 0
github.com/juliaogris/monkey/evaluator/builtins.go:103.42,106.5 1 1
github.com/juliaogris/monkey/evaluator/evaluator.go:16.65,17.29 1 1
github.com/juliaogris/monkey/evaluator/evaluator.go:120.2,120.12 1 1
github.com/juliaogris/monkey/evaluator/evaluator.go:20.20,21.32 1 1
github.com/juliaogris/monkey/evaluator/evaluator.go:23.27,24.39 1 1
github.com/juliaogris/monkey/evaluator/evaluator.go:26.32,27.36 1 1
github.com/juliaogris/monkey/evaluator/evaluator.go:29.28,31.19 2 1
github.com/juliaogris/monkey/evaluator/evaluator.go:34.3,34.41 1 1
github.com/juliaogris/monkey/evaluator/evaluator.go:36.25,38.19 2 1
github.com/juliaogris/monkey/evaluator/evaluator.go:41.3,41.32 1 1
github.com/juliaogris/monkey/evaluator/evaluator.go:44.27,45.44 1 1
github.com/juliaogris/monkey/evaluator/evaluator.go:47.26,48.43 1 1
github.com/juliaogris/monkey/evaluator/evaluator.go:50.20,51.47 1 1
github.com/juliaogris/monkey/evaluator/evaluator.go:53.29,55.21 2 1
github.com/juliaogris/monkey/evaluator/evaluator.go:58.3,58.52 1 1
github.com/juliaogris/monkey/evaluator/evaluator.go:60.28,62.20 2 1
github.com/juliaogris/monkey/evaluator/evaluator.go:66.3,67.21 2 1
github.com/juliaogris/monkey/evaluator/evaluator.go:71.3,71.57 1 1
github.com/juliaogris/monkey/evaluator/evaluator.go:73.25,74.37 1 1
github.com/juliaogris/monkey/evaluator/evaluator.go:76.23,77.35 1 1
github.com/juliaogris/monkey/evaluator/evaluator.go:79.28,82.68 3 1
github.com/juliaogris/monkey/evaluator/evaluator.go:84.27,86.24 2 1
github.com/juliaogris/monkey/evaluator/evaluator.go:90.3,91.41 2 1
github.com/juliaogris/monkey/evaluator/evaluator.go:95.3,95.39 1 1
github.com/juliaogris/monkey/evaluator/evaluator.go:97.25,99.49 2 1
github.com/juliaogris/monkey/evaluator/evaluator.go:102.3,102.43 1 1
github.com/juliaogris/monkey/evaluator/evaluator.go:104.28,106.20 2 1
github.com/juliaogris/monkey/evaluator/evaluator.go:109.3,110.21 2 1
github.com/juliaogris/monkey/evaluator/evaluator.go:113.3,113.42 1 1
github.com/juliaogris/monkey/evaluator/evaluator.go:115.24,116.36 1 1
github.com/juliaogris/monkey/evaluator/evaluator.go:31.19,33.4 1 1
github.com/juliaogris/monkey/evaluator/evaluator.go:38.19,40.4 1 0
github.com/juliaogris/monkey/evaluator/evaluator.go:55.21,57.4 1 0
github.com/juliaogris/monkey/evaluator/evaluator.go:62.20,64.4 1 1
github.com/juliaogris/monkey/evaluator/evaluator.go:67.21,69.4 1 0
github.com/juliaogris/monkey/evaluator/evaluator.go:86.24,88.4 1 0
github.com/juliaogris/monkey/evaluator/evaluator.go:91.41,93.4 1 0
github.com/juliaogris/monkey/evaluator/evaluator.go:99.49,101.4 1 0
github.com/juliaogris/monkey/evaluator/evaluator.go:106.20,108.4 1 0
github.com/juliaogris/monkey/evaluator/evaluator.go:110.21,112.4 1 0
github.com/juliaogris/monkey/evaluator/evaluator.go:123.79,126.47 2 1
github.com/juliaogris/monkey/evaluator/evaluator.go:137.2,137.15 1 1
github.com/juliaogris/monkey/evaluator/evaluator.go:126.47,129.34 2 1
github.com/juliaogris/monkey/evaluator/evaluator.go:130.28,131.23 1 1
github.com/juliaogris/monkey/evaluator/evaluator.go:132.22,133.17 1 1
github.com/juliaogris/monkey/evaluator/evaluator.go:143.17,146.45 2 1
github.com/juliaogris/monkey/evaluator/evaluator.go:157.2,157.15 1 1
github.com/juliaogris/monkey/evaluator/evaluator.go:146.45,149.20 2 1
github.com/juliaogris/monkey/evaluator/evaluator.go:149.20,151.63 2 1
github.com/juliaogris/monkey/evaluator/evaluator.go:151.63,153.5 1 1
github.com/juliaogris/monkey/evaluator/evaluator.go:160.60,161.11 1 1
github.com/juliaogris/monkey/evaluator/evaluator.go:164.2,164.14 1 1
github.com/juliaogris/monkey/evaluator/evaluator.go:161.11,163.3 1 1
github.com/juliaogris/monkey/evaluator/evaluator.go:167.79,168.18 1 1
github.com/juliaogris/monkey/evaluator/evaluator.go:169.11,170.43 1 1
github.com/juliaogris/monkey/evaluator/evaluator.go:171.11,172.50 1 1
github.com/juliaogris/monkey/evaluator/evaluator.go:173.10,174.68 1 0
github.com/juliaogris/monkey/evaluator/evaluator.go:181.17,182.9 1 1
github.com/juliaogris/monkey/evaluator/evaluator.go:183.79,184.59 1 1
github.com/juliaogris/monkey/evaluator/evaluator.go:185.77,186.58 1 1
github.com/juliaogris/monkey/evaluator/evaluator.go:187.24,188.50 1 1
github.com/juliaogris/monkey/evaluator/evaluator.go:189.24,190.50 1 1
github.com/juliaogris/monkey/evaluator/evaluator.go:191.35,193.40 1 1
github.com/juliaogris/monkey/evaluator/evaluator.go:194.10,196.40 1 1
github.com/juliaogris/monkey/evaluator/evaluator.go:200.68,201.15 1 1
github.com/juliaogris/monkey/evaluator/evaluator.go:202.12,203.15 1 1
github.com/juliaogris/monkey/evaluator/evaluator.go:204.13,205.14 1 1
github.com/juliaogris/monkey/evaluator/evaluator.go:206.12,207.14 1 0
github.com/juliaogris/monkey/evaluator/evaluator.go:208.10,209.15 1 1
github.com/juliaogris/monkey/evaluator/evaluator.go:213.75,214.40 1 1
github.com/juliaogris/monkey/evaluator/evaluator.go:218.2,219.39 2 1
github.com/juliaogris/monkey/evaluator/evaluator.go:214.40,216.3 1 1
github.com/juliaogris/monkey/evaluator/evaluator.go:225.17,229.18 3 1
github.com/juliaogris/monkey/evaluator/evaluator.go:230.11,231.52 1 1
github.com/juliaogris/monkey/evaluator/evaluator.go:232.11,233.52 1 1
github.com/juliaogris/monkey/evaluator/evaluator.go:234.11,235.52 1 1
github.com/juliaogris/monkey/evaluator/evaluator.go:236.11,237.52 1 1
github.com/juliaogris/monkey/evaluator/evaluator.go:238.11,239.55 1 1
github.com/juliaogris/monkey/evaluator/evaluator.go:240.11,241.55 1 1
github.com/juliaogris/monkey/evaluator/evaluator.go:242.12,243.56 1 1
github.com/juliaogris/monkey/evaluator/evaluator.go:244.12,245.56 1 1
github.com/juliaogris/monkey/evaluator/evaluator.go:246.10,248.40 1 0
github.com/juliaogris/monkey/evaluator/evaluator.go:255.17,256.21 1 1
github.com/juliaogris/monkey/evaluator/evaluator.go:261.2,263.50 3 1
github.com/juliaogris/monkey/evaluator/evaluator.go:256.21,259.3 1 1
github.com/juliaogris/monkey/evaluator/evaluator.go:269.17,271.24 2 1
github.com/juliaogris/monkey/evaluator/evaluator.go:275.2,275.25 1 1
github.com/juliaogris/monkey/evaluator/evaluator.go:271.24,273.3 1 0
github.com/juliaogris/monkey/evaluator/evaluator.go:275.25,277.3 1 1
github.com/juliaogris/monkey/evaluator/evaluator.go:277.8,277.34 1 1
github.com/juliaogris/monkey/evaluator/evaluator.go:277.34,279.3 1 1
github.com/juliaogris/monkey/evaluator/evaluator.go:279.8,281.3 1 1
github.com/juliaogris/monkey/evaluator/evaluator.go:287.17,288.40 1 1
github.com/juliaogris/monkey/evaluator/evaluator.go:292.2,292.45 1 1
github.com/juliaogris/monkey/evaluator/evaluator.go:296.2,296.56 1 1
github.com/juliaogris/monkey/evaluator/evaluator.go:288.40,290.3 1 1
github.com/juliaogris/monkey/evaluator/evaluator.go:292.45,294.3 1 1
github.com/juliaogris/monkey/evaluator/evaluator.go:299.39,300.13 1 1
github.com/juliaogris/monkey/evaluator/evaluator.go:301.12,302.15 1 0
github.com/juliaogris/monkey/evaluator/evaluator.go:303.12,304.14 1 1
github.com/juliaogris/monkey/evaluator/evaluator.go:305.13,306.15 1 1
github.com/juliaogris/monkey/evaluator/evaluator.go:307.10,308.14 1 1
github.com/juliaogris/monkey/evaluator/evaluator.go:312.62,314.2 1 1
github.com/juliaogris/monkey/evaluator/evaluator.go:316.38,317.16 1 1
github.com/juliaogris/monkey/evaluator/evaluator.go:320.2,320.14 1 0
github.com/juliaogris/monkey/evaluator/evaluator.go:317.16,319.3 1 1
github.com/juliaogris/monkey/evaluator/evaluator.go:326.19,329.25 2 1
github.com/juliaogris/monkey/evaluator/evaluator.go:337.2,337.15 1 1
github.com/juliaogris/monkey/evaluator/evaluator.go:329.25,331.25 2 1
github.com/juliaogris/monkey/evaluator/evaluator.go:334.3,334.37 1 1
github.com/juliaogris/monkey/evaluator/evaluator.go:331.25,333.4 1 0
github.com/juliaogris/monkey/evaluator/evaluator.go:340.74,341.25 1 1
github.com/juliaogris/monkey/evaluator/evaluator.go:343.24,346.38 3 1
github.com/juliaogris/monkey/evaluator/evaluator.go:348.23,349.24 1 1
github.com/juliaogris/monkey/evaluator/evaluator.go:351.10,352.51 1 0
github.com/juliaogris/monkey/evaluator/evaluator.go:359.23,362.45 2 1
github.com/juliaogris/monkey/evaluator/evaluator.go:366.2,366.12 1 1
github.com/juliaogris/monkey/evaluator/evaluator.go:362.45,364.3 1 1
github.com/juliaogris/monkey/evaluator/evaluator.go:369.57,370.54 1 1
github.com/juliaogris/monkey/evaluator/evaluator.go:374.2,374.12 1 1
github.com/juliaogris/monkey/evaluator/evaluator.go:370.54,372.3 1 1
github.com/juliaogris/monkey/evaluator/evaluator.go:377.67,378.9 1 1
github.com/juliaogris/monkey/evaluator/evaluator.go:379.77,380.47 1 1
github.com/juliaogris/monkey/evaluator/evaluator.go:381.38,382.46 1 1
github.com/juliaogris/monkey/evaluator/evaluator.go:383.10,384.67 1 1
github.com/juliaogris/monkey/evaluator/evaluator.go:388.73,393.26 4 1
github.com/juliaogris/monkey/evaluator/evaluator.go:397.2,397.34 1 1
github.com/juliaogris/monkey/evaluator/evaluator.go:393.26,395.3 1 1
github.com/juliaogris/monkey/evaluator/evaluator.go:403.17,406.45 2 1
github.com/juliaogris/monkey/evaluator/evaluator.go:426.2,426.35 1 1
github.com/juliaogris/monkey/evaluator/evaluator.go:406.45,408.19 2 1
github.com/juliaogris/monkey/evaluator/evaluator.go:412.3,413.10 2 1
github.com/juliaogris/monkey/evaluator/evaluator.go:417.3,418.21 2 1
github.com/juliaogris/monkey/evaluator/evaluator.go:422.3,423.58 2 1
github.com/juliaogris/monkey/evaluator/evaluator.go:408.19,410.4 1 0
github.com/juliaogris/monkey/evaluator/evaluator.go:413.10,415.4 1 0
github.com/juliaogris/monkey/evaluator/evaluator.go:418.21,420.4 1 0
github.com/juliaogris/monkey/evaluator/evaluator.go:429.71,433.9 3 1
github.com/juliaogris/monkey/evaluator/evaluator.go:437.2,438.9 2 1
github.com/juliaogris/monkey/evaluator/evaluator.go:442.2,442.19 1 1
github.com/juliaogris/monkey/evaluator/evaluator.go:433.9,435.3 1 1
github.com/juliaogris/monkey/evaluator/evaluator.go:438.9,440.3 1 1
github.com/juliaogris/monkey/parser/parser.go:53.34,91.2 28 1
github.com/juliaogris/monkey/parser/parser.go:93.30,96.2 2 1
github.com/juliaogris/monkey/parser/parser.go:98.53,100.2 1 1
github.com/juliaogris/monkey/parser/parser.go:102.54,104.2 1 1
github.com/juliaogris/monkey/parser/parser.go:106.53,107.22 1 1
github.com/juliaogris/monkey/parser/parser.go:107.22,110.3 2 1
github.com/juliaogris/monkey/parser/parser.go:110.8,113.3 2 0
github.com/juliaogris/monkey/parser/parser.go:116.36,118.2 1 1
github.com/juliaogris/monkey/parser/parser.go:120.47,124.2 2 0
github.com/juliaogris/monkey/parser/parser.go:126.58,129.2 2 0
github.com/juliaogris/monkey/parser/parser.go:131.46,135.31 3 1
github.com/juliaogris/monkey/parser/parser.go:141.2,141.16 1 1
github.com/juliaogris/monkey/parser/parser.go:135.31,139.3 3 1
github.com/juliaogris/monkey/parser/parser.go:144.49,145.25 1 1
github.com/juliaogris/monkey/parser/parser.go:146.17,147.31 1 1
github.com/juliaogris/monkey/parser/parser.go:148.20,149.34 1 1
github.com/juliaogris/monkey/parser/parser.go:150.10,151.38 1 1
github.com/juliaogris/monkey/parser/parser.go:155.56,158.32 2 1
github.com/juliaogris/monkey/parser/parser.go:162.2,164.33 2 1
github.com/juliaogris/monkey/parser/parser.go:168.2,172.36 3 1
github.com/juliaogris/monkey/parser/parser.go:176.2,176.13 1 1
github.com/juliaogris/monkey/parser/parser.go:158.32,160.3 1 0
github.com/juliaogris/monkey/parser/parser.go:164.33,166.3 1 0
github.com/juliaogris/monkey/parser/parser.go:172.36,174.3 1 1
github.com/juliaogris/monkey/parser/parser.go:179.62,186.36 4 1
github.com/juliaogris/monkey/parser/parser.go:190.2,190.13 1 1
github.com/juliaogris/monkey/parser/parser.go:186.36,188.3 1 1
github.com/juliaogris/monkey/parser/parser.go:193.70,198.36 3 1
github.com/juliaogris/monkey/parser/parser.go:202.2,202.13 1 1
github.com/juliaogris/monkey/parser/parser.go:198.36,200.3 1 1
github.com/juliaogris/monkey/parser/parser.go:205.65,207.19 2 1
github.com/juliaogris/monkey/parser/parser.go:211.2,213.73 2 1
github.com/juliaogris/monkey/parser/parser.go:224.2,224.16 1 1
github.com/juliaogris/monkey/parser/parser.go:207.19,210.3 2 0
github.com/juliaogris/monkey/parser/parser.go:213.73,215.19 2 1
github.com/juliaogris/monkey/parser/parser.go:219.3,221.27 2 1
github.com/juliaogris/monkey/parser/parser.go:215.19,217.4 1 0
github.com/juliaogris/monkey/parser/parser.go:227.39,228.48 1 1
github.com/juliaogris/monkey/parser/parser.go:232.2,232.15 1 1
github.com/juliaogris/monkey/parser/parser.go:228.48,230.3 1 1
github.com/juliaogris/monkey/parser/parser.go:235.38,236.47 1 1
github.com/juliaogris/monkey/parser/parser.go:240.2,240.15 1 0
github.com/juliaogris/monkey/parser/parser.go:236.47,238.3 1 1
github.com/juliaogris/monkey/parser/parser.go:243.51,245.2 1 1
github.com/juliaogris/monkey/parser/parser.go:247.55,251.16 3 1
github.com/juliaogris/monkey/parser/parser.go:257.2,259.12 2 1
github.com/juliaogris/monkey/parser/parser.go:251.16,255.3 3 0
github.com/juliaogris/monkey/parser/parser.go:262.54,264.2 1 1
github.com/juliaogris/monkey/parser/parser.go:266.57,277.2 4 1
github.com/juliaogris/monkey/parser/parser.go:279.75,291.2 5 1
github.com/juliaogris/monkey/parser/parser.go:293.48,295.2 1 1
github.com/juliaogris/monkey/parser/parser.go:297.58,302.33 3 1
github.com/juliaogris/monkey/parser/parser.go:306.2,306.12 1 1
github.com/juliaogris/monkey/parser/parser.go:302.33,304.3 1 0
github.com/juliaogris/monkey/parser/parser.go:309.53,312.33 2 1
github.com/juliaogris/monkey/parser/parser.go:316.2,319.33 3 1
github.com/juliaogris/monkey/parser/parser.go:323.2,323.33 1 1
github.com/juliaogris/monkey/parser/parser.go:327.2,329.31 2 1
github.com/juliaogris/monkey/parser/parser.go:339.2,339.19 1 1
github.com/juliaogris/monkey/parser/parser.go:312.33,314.3 1 0
github.com/juliaogris/monkey/parser/parser.go:319.33,321.3 1 0
github.com/juliaogris/monkey/parser/parser.go:323.33,325.3 1 0
github.com/juliaogris/monkey/parser/parser.go:329.31,332.34 2 1
github.com/juliaogris/monkey/parser/parser.go:336.3,336.51 1 1
github.com/juliaogris/monkey/parser/parser.go:332.34,334.4 1 0
github.com/juliaogris/monkey/parser/parser.go:342.60,348.62 4 1
github.com/juliaogris/monkey/parser/parser.go:354.2,354.14 1 1
github.com/juliaogris/monkey/parser/parser.go:348.62,352.3 3 1
github.com/juliaogris/monkey/parser/parser.go:357.56,360.33 2 1
github.com/juliaogris/monkey/parser/parser.go:364.2,366.33 2 1
github.com/juliaogris/monkey/parser/parser.go:370.2,372.12 2 1
github.com/juliaogris/monkey/parser/parser.go:360.33,362.3 1 0
github.com/juliaogris/monkey/parser/parser.go:366.33,368.3 1 0
github.com/juliaogris/monkey/parser/parser.go:375.62,378.33 2 1
github.com/juliaogris/monkey/parser/parser.go:383.2,388.33 4 1
github.com/juliaogris/monkey/parser/parser.go:395.2,395.33 1 1
github.com/juliaogris/monkey/parser/parser.go:399.2,399.20 1 1
github.com/juliaogris/monkey/parser/parser.go:378.33,381.3 2 1
github.com/juliaogris/monkey/parser/parser.go:388.33,393.3 4 1
github.com/juliaogris/monkey/parser/parser.go:395.33,397.3 1 0
github.com/juliaogris/monkey/parser/parser.go:402.78,406.2 3 1
github.com/juliaogris/monkey/parser/parser.go:408.76,411.24 2 1
github.com/juliaogris/monkey/parser/parser.go:416.2,419.33 3 1
github.com/juliaogris/monkey/parser/parser.go:425.2,425.24 1 1
github.com/juliaogris/monkey/parser/parser.go:429.2,429.13 1 1
github.com/juliaogris/monkey/parser/parser.go:411.24,414.3 2 1
github.com/juliaogris/monkey/parser/parser.go:419.33,423.3 3 1
github.com/juliaogris/monkey/parser/parser.go:425.24,427.3 1 0
github.com/juliaogris/monkey/parser/parser.go:432.53,438.2 3 1
github.com/juliaogris/monkey/parser/parser.go:440.75,446.35 4 1
github.com/juliaogris/monkey/parser/parser.go:450.2,450.12 1 1
github.com/juliaogris/monkey/parser/parser.go:446.35,448.3 1 0
github.com/juliaogris/monkey/parser/parser.go:453.52,457.35 3 1
github.com/juliaogris/monkey/parser/parser.go:475.2,475.33 1 1
github.com/juliaogris/monkey/parser/parser.go:479.2,479.13 1 1
github.com/juliaogris/monkey/parser/parser.go:457.35,461.33 3 1
github.com/juliaogris/monkey/parser/parser.go:465.3,470.65 4 1
github.com/juliaogris/monkey/parser/parser.go:461.33,463.4 1 0
github.com/juliaogris/monkey/parser/parser.go:470.65,472.4 1 0
github.com/juliaogris/monkey/parser/parser.go:475.33,477.3 1 0
github.com/juliaogris/monkey/parser/parser.go:482.78,484.2 1 1
github.com/juliaogris/monkey/parser/parser.go:486.76,488.2 1 1
github.com/juliaogris/monkey/parser/parser_tracing.go:13.26,15.2 1 0
github.com/juliaogris/monkey/parser/parser_tracing.go:17.28,19.2 1 0
github.com/juliaogris/monkey/parser/parser_tracing.go:21.17,21.48 1 0
github.com/juliaogris/monkey/parser/parser_tracing.go:22.17,22.48 1 0
github.com/juliaogris/monkey/parser/parser_tracing.go:24.31,28.2 3 0
github.com/juliaogris/monkey/parser/parser_tracing.go:30.26,33.2 2 0
github.com/juliaogris/monkey/object/environment.go:3.62,7.2 3 0
github.com/juliaogris/monkey/object/environment.go:9.36,12.2 2 0
github.com/juliaogris/monkey/object/environment.go:19.55,21.27 2 0
github.com/juliaogris/monkey/object/environment.go:24.2,24.16 1 0
github.com/juliaogris/monkey/object/environment.go:21.27,23.3 1 0
github.com/juliaogris/monkey/object/environment.go:27.59,30.2 2 0
github.com/juliaogris/monkey/object/object.go:51.37,51.59 1 1
github.com/juliaogris/monkey/object/object.go:52.37,52.74 1 0
github.com/juliaogris/monkey/object/object.go:53.37,55.2 1 1
github.com/juliaogris/monkey/object/object.go:61.37,61.59 1 1
github.com/juliaogris/monkey/object/object.go:62.37,62.74 1 0
github.com/juliaogris/monkey/object/object.go:63.37,66.13 2 1
github.com/juliaogris/monkey/object/object.go:72.2,72.46 1 1
github.com/juliaogris/monkey/object/object.go:66.13,68.3 1 1
github.com/juliaogris/monkey/object/object.go:68.8,70.3 1 1
github.com/juliaogris/monkey/object/object.go:77.34,77.53 1 0
github.com/juliaogris/monkey/object/object.go:78.34,78.51 1 0
github.com/juliaogris/monkey/object/object.go:84.42,84.69 1 0
github.com/juliaogris/monkey/object/object.go:85.42,85.71 1 0
github.com/juliaogris/monkey/object/object.go:91.35,91.55 1 0
github.com/juliaogris/monkey/object/object.go:92.35,92.67 1 0
github.com/juliaogris/monkey/object/object.go:100.38,100.61 1 0
github.com/juliaogris/monkey/object/object.go:101.37,105.33 3 0
github.com/juliaogris/monkey/object/object.go:109.2,116.21 7 0
github.com/juliaogris/monkey/object/object.go:105.33,107.3 1 0
github.com/juliaogris/monkey/object/object.go:123.36,123.57 1 1
github.com/juliaogris/monkey/object/object.go:124.36,124.54 1 0
github.com/juliaogris/monkey/object/object.go:125.36,130.2 3 1
github.com/juliaogris/monkey/object/object.go:136.37,136.59 1 0
github.com/juliaogris/monkey/object/object.go:137.37,137.66 1 0
github.com/juliaogris/monkey/object/object.go:143.36,143.56 1 0
github.com/juliaogris/monkey/object/object.go:144.35,148.32 3 0
github.com/juliaogris/monkey/object/object.go:152.2,156.21 4 0
github.com/juliaogris/monkey/object/object.go:148.32,150.3 1 0
github.com/juliaogris/monkey/object/object.go:168.34,168.53 1 0
github.com/juliaogris/monkey/object/object.go:169.33,173.31 3 0
github.com/juliaogris/monkey/object/object.go:178.2,182.21 4 0
github.com/juliaogris/monkey/object/object.go:173.31,176.3 1 0
